{"total": {"lines":{"total":2063,"covered":1882,"skipped":0,"pct":91.22},"statements":{"total":2063,"covered":1882,"skipped":0,"pct":91.22},"functions":{"total":440,"covered":415,"skipped":0,"pct":94.31},"branches":{"total":611,"covered":481,"skipped":0,"pct":78.72},"branchesTrue":{"total":0,"covered":0,"skipped":0,"pct":100}}
,"/workspaces/eventos/server/src/application/dtos/PaginationDtos.ts": {"lines":{"total":72,"covered":54,"skipped":0,"pct":75},"functions":{"total":11,"covered":6,"skipped":0,"pct":54.54},"statements":{"total":72,"covered":54,"skipped":0,"pct":75},"branches":{"total":12,"covered":10,"skipped":0,"pct":83.33}}
,"/workspaces/eventos/server/src/application/usecases/events/CreateEventUseCase.ts": {"lines":{"total":31,"covered":30,"skipped":0,"pct":96.77},"functions":{"total":9,"covered":9,"skipped":0,"pct":100},"statements":{"total":31,"covered":30,"skipped":0,"pct":96.77},"branches":{"total":13,"covered":11,"skipped":0,"pct":84.61}}
,"/workspaces/eventos/server/src/application/usecases/events/DeleteEventUseCase.ts": {"lines":{"total":16,"covered":15,"skipped":0,"pct":93.75},"functions":{"total":9,"covered":9,"skipped":0,"pct":100},"statements":{"total":16,"covered":15,"skipped":0,"pct":93.75},"branches":{"total":12,"covered":10,"skipped":0,"pct":83.33}}
,"/workspaces/eventos/server/src/application/usecases/events/GetEventByIdUseCase.ts": {"lines":{"total":17,"covered":16,"skipped":0,"pct":94.11},"functions":{"total":9,"covered":9,"skipped":0,"pct":100},"statements":{"total":17,"covered":16,"skipped":0,"pct":94.11},"branches":{"total":12,"covered":10,"skipped":0,"pct":83.33}}
,"/workspaces/eventos/server/src/application/usecases/events/GetEventsUseCase.ts": {"lines":{"total":29,"covered":26,"skipped":0,"pct":89.65},"functions":{"total":10,"covered":9,"skipped":0,"pct":90},"statements":{"total":29,"covered":26,"skipped":0,"pct":89.65},"branches":{"total":12,"covered":9,"skipped":0,"pct":75}}
,"/workspaces/eventos/server/src/application/usecases/events/UpdateEventUseCase.ts": {"lines":{"total":37,"covered":36,"skipped":0,"pct":97.29},"functions":{"total":9,"covered":9,"skipped":0,"pct":100},"statements":{"total":37,"covered":36,"skipped":0,"pct":97.29},"branches":{"total":14,"covered":12,"skipped":0,"pct":85.71}}
,"/workspaces/eventos/server/src/application/usecases/inscriptions/CreateInscriptionUseCase.ts": {"lines":{"total":51,"covered":46,"skipped":0,"pct":90.19},"functions":{"total":9,"covered":9,"skipped":0,"pct":100},"statements":{"total":51,"covered":46,"skipped":0,"pct":90.19},"branches":{"total":13,"covered":10,"skipped":0,"pct":76.92}}
,"/workspaces/eventos/server/src/application/usecases/inscriptions/GetInscriptionsUseCase.ts": {"lines":{"total":35,"covered":32,"skipped":0,"pct":91.42},"functions":{"total":10,"covered":9,"skipped":0,"pct":90},"statements":{"total":35,"covered":32,"skipped":0,"pct":91.42},"branches":{"total":12,"covered":9,"skipped":0,"pct":75}}
,"/workspaces/eventos/server/src/application/usecases/presences/CreatePresenceUseCase.ts": {"lines":{"total":45,"covered":40,"skipped":0,"pct":88.88},"functions":{"total":9,"covered":9,"skipped":0,"pct":100},"statements":{"total":45,"covered":40,"skipped":0,"pct":88.88},"branches":{"total":14,"covered":11,"skipped":0,"pct":78.57}}
,"/workspaces/eventos/server/src/application/usecases/presences/GetPresencesUseCase.ts": {"lines":{"total":33,"covered":30,"skipped":0,"pct":90.9},"functions":{"total":10,"covered":9,"skipped":0,"pct":90},"statements":{"total":33,"covered":30,"skipped":0,"pct":90.9},"branches":{"total":12,"covered":9,"skipped":0,"pct":75}}
,"/workspaces/eventos/server/src/application/usecases/users/CreateUserUseCase.ts": {"lines":{"total":49,"covered":48,"skipped":0,"pct":97.95},"functions":{"total":9,"covered":9,"skipped":0,"pct":100},"statements":{"total":49,"covered":48,"skipped":0,"pct":97.95},"branches":{"total":16,"covered":14,"skipped":0,"pct":87.5}}
,"/workspaces/eventos/server/src/application/usecases/users/DeleteUserUseCase.ts": {"lines":{"total":16,"covered":15,"skipped":0,"pct":93.75},"functions":{"total":9,"covered":9,"skipped":0,"pct":100},"statements":{"total":16,"covered":15,"skipped":0,"pct":93.75},"branches":{"total":12,"covered":10,"skipped":0,"pct":83.33}}
,"/workspaces/eventos/server/src/application/usecases/users/GetUserByIdUseCase.ts": {"lines":{"total":17,"covered":16,"skipped":0,"pct":94.11},"functions":{"total":9,"covered":9,"skipped":0,"pct":100},"statements":{"total":17,"covered":16,"skipped":0,"pct":94.11},"branches":{"total":12,"covered":10,"skipped":0,"pct":83.33}}
,"/workspaces/eventos/server/src/application/usecases/users/GetUsersUseCase.ts": {"lines":{"total":29,"covered":26,"skipped":0,"pct":89.65},"functions":{"total":10,"covered":9,"skipped":0,"pct":90},"statements":{"total":29,"covered":26,"skipped":0,"pct":89.65},"branches":{"total":12,"covered":9,"skipped":0,"pct":75}}
,"/workspaces/eventos/server/src/application/usecases/users/UpdateUserUseCase.ts": {"lines":{"total":34,"covered":33,"skipped":0,"pct":97.05},"functions":{"total":9,"covered":9,"skipped":0,"pct":100},"statements":{"total":34,"covered":33,"skipped":0,"pct":97.05},"branches":{"total":13,"covered":11,"skipped":0,"pct":84.61}}
,"/workspaces/eventos/server/src/domain/entities/EventEntity.ts": {"lines":{"total":167,"covered":149,"skipped":0,"pct":89.22},"functions":{"total":13,"covered":12,"skipped":0,"pct":92.3},"statements":{"total":167,"covered":149,"skipped":0,"pct":89.22},"branches":{"total":32,"covered":18,"skipped":0,"pct":56.25}}
,"/workspaces/eventos/server/src/domain/entities/InscriptionEntity.ts": {"lines":{"total":99,"covered":83,"skipped":0,"pct":83.83},"functions":{"total":13,"covered":11,"skipped":0,"pct":84.61},"statements":{"total":99,"covered":83,"skipped":0,"pct":83.83},"branches":{"total":21,"covered":16,"skipped":0,"pct":76.19}}
,"/workspaces/eventos/server/src/domain/entities/PresenceEntity.ts": {"lines":{"total":96,"covered":81,"skipped":0,"pct":84.37},"functions":{"total":13,"covered":11,"skipped":0,"pct":84.61},"statements":{"total":96,"covered":81,"skipped":0,"pct":84.37},"branches":{"total":20,"covered":15,"skipped":0,"pct":75}}
,"/workspaces/eventos/server/src/domain/entities/UserEntity.ts": {"lines":{"total":108,"covered":101,"skipped":0,"pct":93.51},"functions":{"total":13,"covered":12,"skipped":0,"pct":92.3},"statements":{"total":108,"covered":101,"skipped":0,"pct":93.51},"branches":{"total":23,"covered":17,"skipped":0,"pct":73.91}}
,"/workspaces/eventos/server/src/domain/errors/ApplicationError.ts": {"lines":{"total":32,"covered":29,"skipped":0,"pct":90.62},"functions":{"total":18,"covered":15,"skipped":0,"pct":83.33},"statements":{"total":32,"covered":29,"skipped":0,"pct":90.62},"branches":{"total":19,"covered":17,"skipped":0,"pct":89.47}}
,"/workspaces/eventos/server/src/domain/repositories/EventRepository.ts": {"lines":{"total":9,"covered":8,"skipped":0,"pct":88.88},"functions":{"total":7,"covered":7,"skipped":0,"pct":100},"statements":{"total":9,"covered":8,"skipped":0,"pct":88.88},"branches":{"total":9,"covered":7,"skipped":0,"pct":77.77}}
,"/workspaces/eventos/server/src/domain/repositories/InscriptionRepository.ts": {"lines":{"total":18,"covered":17,"skipped":0,"pct":94.44},"functions":{"total":7,"covered":7,"skipped":0,"pct":100},"statements":{"total":18,"covered":17,"skipped":0,"pct":94.44},"branches":{"total":9,"covered":7,"skipped":0,"pct":77.77}}
,"/workspaces/eventos/server/src/domain/repositories/PresenceRepository.ts": {"lines":{"total":9,"covered":8,"skipped":0,"pct":88.88},"functions":{"total":7,"covered":7,"skipped":0,"pct":100},"statements":{"total":9,"covered":8,"skipped":0,"pct":88.88},"branches":{"total":9,"covered":7,"skipped":0,"pct":77.77}}
,"/workspaces/eventos/server/src/domain/repositories/UserRepository.ts": {"lines":{"total":10,"covered":9,"skipped":0,"pct":90},"functions":{"total":7,"covered":7,"skipped":0,"pct":100},"statements":{"total":10,"covered":9,"skipped":0,"pct":90},"branches":{"total":9,"covered":7,"skipped":0,"pct":77.77}}
,"/workspaces/eventos/server/src/infrastructure/auth/PasswordService.ts": {"lines":{"total":13,"covered":8,"skipped":0,"pct":61.53},"functions":{"total":11,"covered":9,"skipped":0,"pct":81.81},"statements":{"total":13,"covered":8,"skipped":0,"pct":61.53},"branches":{"total":14,"covered":10,"skipped":0,"pct":71.42}}
,"/workspaces/eventos/server/src/shared/utils/generateUUID.ts": {"lines":{"total":39,"covered":19,"skipped":0,"pct":48.71},"functions":{"total":6,"covered":6,"skipped":0,"pct":100},"statements":{"total":39,"covered":19,"skipped":0,"pct":48.71},"branches":{"total":11,"covered":7,"skipped":0,"pct":63.63}}
,"/workspaces/eventos/server/tests-cypress/runCoverage.ts": {"lines":{"total":66,"covered":58,"skipped":0,"pct":87.87},"functions":{"total":2,"covered":2,"skipped":0,"pct":100},"statements":{"total":66,"covered":58,"skipped":0,"pct":87.87},"branches":{"total":6,"covered":4,"skipped":0,"pct":66.66}}
,"/workspaces/eventos/server/tests-cypress/specs/events/CreateEventUseCase.spec.ts": {"lines":{"total":50,"covered":49,"skipped":0,"pct":98},"functions":{"total":7,"covered":7,"skipped":0,"pct":100},"statements":{"total":50,"covered":49,"skipped":0,"pct":98},"branches":{"total":11,"covered":9,"skipped":0,"pct":81.81}}
,"/workspaces/eventos/server/tests-cypress/specs/events/DeleteEventUseCase.spec.ts": {"lines":{"total":39,"covered":38,"skipped":0,"pct":97.43},"functions":{"total":7,"covered":7,"skipped":0,"pct":100},"statements":{"total":39,"covered":38,"skipped":0,"pct":97.43},"branches":{"total":10,"covered":8,"skipped":0,"pct":80}}
,"/workspaces/eventos/server/tests-cypress/specs/events/GetEventByIdUseCase.spec.ts": {"lines":{"total":38,"covered":37,"skipped":0,"pct":97.36},"functions":{"total":7,"covered":7,"skipped":0,"pct":100},"statements":{"total":38,"covered":37,"skipped":0,"pct":97.36},"branches":{"total":10,"covered":8,"skipped":0,"pct":80}}
,"/workspaces/eventos/server/tests-cypress/specs/events/GetEventsUseCase.spec.ts": {"lines":{"total":38,"covered":37,"skipped":0,"pct":97.36},"functions":{"total":6,"covered":6,"skipped":0,"pct":100},"statements":{"total":38,"covered":37,"skipped":0,"pct":97.36},"branches":{"total":8,"covered":6,"skipped":0,"pct":75}}
,"/workspaces/eventos/server/tests-cypress/specs/events/UpdateEventUseCase.spec.ts": {"lines":{"total":53,"covered":52,"skipped":0,"pct":98.11},"functions":{"total":7,"covered":7,"skipped":0,"pct":100},"statements":{"total":53,"covered":52,"skipped":0,"pct":98.11},"branches":{"total":11,"covered":9,"skipped":0,"pct":81.81}}
,"/workspaces/eventos/server/tests-cypress/specs/inscriptions/CreateInscriptionUseCase.spec.ts": {"lines":{"total":57,"covered":56,"skipped":0,"pct":98.24},"functions":{"total":7,"covered":7,"skipped":0,"pct":100},"statements":{"total":57,"covered":56,"skipped":0,"pct":98.24},"branches":{"total":10,"covered":8,"skipped":0,"pct":80}}
,"/workspaces/eventos/server/tests-cypress/specs/inscriptions/GetInscriptionsUseCase.spec.ts": {"lines":{"total":33,"covered":32,"skipped":0,"pct":96.96},"functions":{"total":6,"covered":6,"skipped":0,"pct":100},"statements":{"total":33,"covered":32,"skipped":0,"pct":96.96},"branches":{"total":8,"covered":6,"skipped":0,"pct":75}}
,"/workspaces/eventos/server/tests-cypress/specs/presences/CreatePresenceUseCase.spec.ts": {"lines":{"total":53,"covered":52,"skipped":0,"pct":98.11},"functions":{"total":7,"covered":7,"skipped":0,"pct":100},"statements":{"total":53,"covered":52,"skipped":0,"pct":98.11},"branches":{"total":10,"covered":8,"skipped":0,"pct":80}}
,"/workspaces/eventos/server/tests-cypress/specs/presences/GetPresencesUseCase.spec.ts": {"lines":{"total":32,"covered":31,"skipped":0,"pct":96.87},"functions":{"total":6,"covered":6,"skipped":0,"pct":100},"statements":{"total":32,"covered":31,"skipped":0,"pct":96.87},"branches":{"total":8,"covered":6,"skipped":0,"pct":75}}
,"/workspaces/eventos/server/tests-cypress/specs/users/CreateUserUseCase.spec.ts": {"lines":{"total":91,"covered":90,"skipped":0,"pct":98.9},"functions":{"total":9,"covered":9,"skipped":0,"pct":100},"statements":{"total":91,"covered":90,"skipped":0,"pct":98.9},"branches":{"total":15,"covered":13,"skipped":0,"pct":86.66}}
,"/workspaces/eventos/server/tests-cypress/specs/users/DeleteUserUseCase.spec.ts": {"lines":{"total":35,"covered":34,"skipped":0,"pct":97.14},"functions":{"total":7,"covered":7,"skipped":0,"pct":100},"statements":{"total":35,"covered":34,"skipped":0,"pct":97.14},"branches":{"total":10,"covered":8,"skipped":0,"pct":80}}
,"/workspaces/eventos/server/tests-cypress/specs/users/GetUserByIdUseCase.spec.ts": {"lines":{"total":34,"covered":33,"skipped":0,"pct":97.05},"functions":{"total":7,"covered":7,"skipped":0,"pct":100},"statements":{"total":34,"covered":33,"skipped":0,"pct":97.05},"branches":{"total":10,"covered":8,"skipped":0,"pct":80}}
,"/workspaces/eventos/server/tests-cypress/specs/users/GetUsersUseCase.spec.ts": {"lines":{"total":33,"covered":32,"skipped":0,"pct":96.96},"functions":{"total":6,"covered":6,"skipped":0,"pct":100},"statements":{"total":33,"covered":32,"skipped":0,"pct":96.96},"branches":{"total":8,"covered":6,"skipped":0,"pct":75}}
,"/workspaces/eventos/server/tests-cypress/specs/users/UpdateUserUseCase.spec.ts": {"lines":{"total":43,"covered":42,"skipped":0,"pct":97.67},"functions":{"total":7,"covered":7,"skipped":0,"pct":100},"statements":{"total":43,"covered":42,"skipped":0,"pct":97.67},"branches":{"total":11,"covered":9,"skipped":0,"pct":81.81}}
,"/workspaces/eventos/server/tests-cypress/stubs/EventRepositoryStub.ts": {"lines":{"total":51,"covered":50,"skipped":0,"pct":98.03},"functions":{"total":13,"covered":13,"skipped":0,"pct":100},"statements":{"total":51,"covered":50,"skipped":0,"pct":98.03},"branches":{"total":15,"covered":13,"skipped":0,"pct":86.66}}
,"/workspaces/eventos/server/tests-cypress/stubs/InscriptionRepositoryStub.ts": {"lines":{"total":54,"covered":46,"skipped":0,"pct":85.18},"functions":{"total":14,"covered":12,"skipped":0,"pct":85.71},"statements":{"total":54,"covered":46,"skipped":0,"pct":85.18},"branches":{"total":14,"covered":12,"skipped":0,"pct":85.71}}
,"/workspaces/eventos/server/tests-cypress/stubs/PasswordServiceStub.ts": {"lines":{"total":15,"covered":12,"skipped":0,"pct":80},"functions":{"total":10,"covered":9,"skipped":0,"pct":90},"statements":{"total":15,"covered":12,"skipped":0,"pct":80},"branches":{"total":11,"covered":9,"skipped":0,"pct":81.81}}
,"/workspaces/eventos/server/tests-cypress/stubs/PresenceRepositoryStub.ts": {"lines":{"total":37,"covered":34,"skipped":0,"pct":91.89},"functions":{"total":13,"covered":12,"skipped":0,"pct":92.3},"statements":{"total":37,"covered":34,"skipped":0,"pct":91.89},"branches":{"total":14,"covered":12,"skipped":0,"pct":85.71}}
,"/workspaces/eventos/server/tests-cypress/stubs/UserRepositoryStub.ts": {"lines":{"total":48,"covered":47,"skipped":0,"pct":97.91},"functions":{"total":14,"covered":14,"skipped":0,"pct":100},"statements":{"total":48,"covered":47,"skipped":0,"pct":97.91},"branches":{"total":16,"covered":14,"skipped":0,"pct":87.5}}
,"/workspaces/eventos/server/tests-cypress/utils/AsyncMock.ts": {"lines":{"total":37,"covered":30,"skipped":0,"pct":81.08},"functions":{"total":16,"covered":15,"skipped":0,"pct":93.75},"statements":{"total":37,"covered":30,"skipped":0,"pct":81.08},"branches":{"total":18,"covered":15,"skipped":0,"pct":83.33}}
,"/workspaces/eventos/server/tests-cypress/utils/expectError.ts": {"lines":{"total":15,"covered":15,"skipped":0,"pct":100},"functions":{"total":6,"covered":6,"skipped":0,"pct":100},"statements":{"total":15,"covered":15,"skipped":0,"pct":100},"branches":{"total":10,"covered":7,"skipped":0,"pct":70}}
}
